<?xml version="1.0" encoding="UTF-8" ?>
<testsuites>
  <testsuite errors="0" failures="0" hostname="SC-201508181612" id="0" name="ApiTest" package="com.api" tests="3" time="5.341" timestamp="2015-11-09T07:49:47">
      <properties>
[...]
</properties>

      <testcase classname="com.api.ApiTest" name="test[https://openapi.25pp.com/sdk/safety, post, 1, [{&quot;from&quot; : 106,&quot;username&quot; : &quot;是不是&quot;,&quot;uid&quot; : 3430012,&quot;version&quot; : &quot;1.5.7.1&quot;,&quot;token&quot; : &quot;e2303f56f6b4f30082ffe801d8828cf2&quot;}], error, 88]" time="4.996" />

      <testcase classname="com.api.ApiTest" name="test[http://php.weather.sina.com.cn/xml.php?, get, 1, city=%B1%B1%BE%A9&amp;password=DJOYnieT8234jlsK&amp;day=0, &lt;temperature2&gt;3&lt;/temperature2&gt;, null]" time="0.095" />

      <testcase classname="com.api.ApiTest" name="test[https://pay.25pp.com/?act=api.getVipLevel, post, 1, [{&#xa;  &quot;from&quot; : 106,&#xa;  &quot;username&quot; : &quot;是不是&quot;,&#xa;  &quot;app_id&quot; : 596,&#xa;  &quot;version&quot; : &quot;1.5.7.1&quot;,&#xa;  &quot;token&quot; : &quot;5939405635d917019d4319abb8111654&quot;&#xa;}], error, 0]" time="0.17" />

      <system-out><![CDATA[post执行完毕，准备返回body
{
  "error": 88,
  "msg": "用户已经下线！",
  "data": "",
  "sdk_name": "safety"
}
实际返回值：88
88
get执行完毕，准备返回body
<?xml version="1.0" encoding="UTF-8"?>
<!-- published at 2015-11-09 15:41:15 -->
<Profiles>
<Weather>
<city>??????</city>
<status1>???</status1>
<status2>?¤????</status2>
<figure1>qing</figure1>
<figure2>duoyun</figure2>
<direction1>?????????é?????</direction1>
<direction2>?????????é?????</direction2>
<power1>??¤3</power1>
<power2>??¤3</power2>
<temperature1>13</temperature1>
<temperature2>3</temperature2>
<ssd>0</ssd>
<tgd1>13</tgd1>
<tgd2>13</tgd2>
<zwx>2</zwx>
<ktk>7</ktk>
<pollution>3</pollution>
<xcz>1</xcz>
<zho></zho>
<diy></diy>
<fas></fas>
<chy>5</chy>
<zho_shuoming>??????</zho_shuoming>
<diy_shuoming>??????</diy_shuoming>
<fas_shuoming>??????</fas_shuoming>
<chy_shuoming>é??è??????¤§è??????¤??¤§è??????¤??????????è???????????è?????è????????è?????è??????¤????</chy_shuoming>
<pollution_l>è?????</pollution_l>
<zwx_l>??±</zwx_l>
<ssd_l>è?????</ssd_l>
<fas_l>??????</fas_l>
<zho_l>??????</zho_l>
<chy_l>???è???±?</chy_l>
<ktk_l>???è????????(??????)</ktk_l>
<xcz_l>é?????é?????</xcz_l>
<diy_l>??????</diy_l>
<pollution_s>???????°??±????????????????????????±???</pollution_s>
<zwx_s>????¤??????±</zwx_s>
<ssd_s>è??????????????????????±è???¤????é??è????????è??????·????è???????????</ssd_s>
<ktk_s>???è???????????è°?</ktk_s>
<xcz_s>???è?????è???°???????4?¤??????????é???°?????¤§é?????????°??¤??°?????????????é??é?????é?????é????????è??</xcz_s>
<gm>2</gm>
<gm_l>?????????</gm_l>
<gm_s>?¤??°?????????????è??è?????????°??????????é????????è????????è????????è?·?????????</gm_s>
<yd>5</yd>
<yd_l>???é?????</yd_l>
<yd_s>è??????????????é?????????????·?¤?è????¨???????????°?????????</yd_s>
<savedate_weather>2015-11-09</savedate_weather>
<savedate_life>2015-11-09</savedate_life>
<savedate_zhishu>2015-11-09</savedate_zhishu>
<udatetime>2015-11-08 17:32:03</udatetime>
</Weather>
</Profiles>

实际返回值：true
true
post执行完毕，准备返回body
{
  "error": 0,
  "msg": "",
  "data": {
    "level": "vip1"
  },
  "sdk_name": "getVipLevel"
}
实际返回值：0
0
]]></system-out>

      <system-err><![CDATA[十一月 09, 2015 3:49:47 下午 com.api.ApiPost post
信息: 打印调用的api接口地址：https://openapi.25pp.com/sdk/safety
十一月 09, 2015 3:49:47 下午 com.api.ApiPost post
信息: 打印post的json字符串： {"from" : 106,"username" : "是不是","uid" : 3430012,"version" : "1.5.7.1","token" : "e2303f56f6b4f30082ffe801d8828cf2"} 
十一月 09, 2015 3:49:52 下午 com.api.ApiPost post
信息: statusCode:200
十一月 09, 2015 3:49:52 下午 com.api.ApiPost post
信息: 调用API所需的时间(单位：毫秒)：4606
十一月 09, 2015 3:49:52 下午 com.api.ApiPost post
信息: 调用接口状态：0
十一月 09, 2015 3:49:52 下午 com.api.ApiPost getActual
信息: 检查执行完毕，返回检查点是整型error:88
十一月 09, 2015 3:49:52 下午 com.api.ApiPost getActual
信息: 检查执行完毕，返回检查点是整型error:88
十一月 09, 2015 3:49:52 下午 com.api.ApiPost get
信息: 打印get请求url地址：http://php.weather.sina.com.cn/xml.php?city=%B1%B1%BE%A9&password=DJOYnieT8234jlsK&day=0
十一月 09, 2015 3:49:52 下午 com.api.ApiPost get
信息: statusCode:200
十一月 09, 2015 3:49:52 下午 com.api.ApiPost get
信息: 调用API所需的时间(单位：毫秒)：30
十一月 09, 2015 3:49:52 下午 com.api.ApiPost get
信息: 调用接口状态：0
十一月 09, 2015 3:49:52 下午 com.api.ApiPost post
信息: 打印调用的api接口地址：https://pay.25pp.com/?act=api.getVipLevel
十一月 09, 2015 3:49:52 下午 com.api.ApiPost post
信息: 打印post的json字符串： {
  "from" : 106,
  "username" : "是不是",
  "app_id" : 596,
  "version" : "1.5.7.1",
  "token" : "5939405635d917019d4319abb8111654"
} 
十一月 09, 2015 3:49:52 下午 com.api.ApiPost post
信息: statusCode:200
十一月 09, 2015 3:49:52 下午 com.api.ApiPost post
信息: 调用API所需的时间(单位：毫秒)：155
十一月 09, 2015 3:49:52 下午 com.api.ApiPost post
信息: 调用接口状态：0
十一月 09, 2015 3:49:52 下午 com.api.ApiPost getActual
信息: 检查执行完毕，返回检查点是整型error:0
十一月 09, 2015 3:49:52 下午 com.api.ApiPost getActual
信息: 检查执行完毕，返回检查点是整型error:0
]]></system-err>

  </testsuite>
</testsuites>
