<?xml version="1.0" encoding="UTF-8" ?>
<testsuite errors="0" failures="0" hostname="SC-201508181612" name="test.ParametersTest" tests="3" time="0.125" timestamp="2015-11-03T12:48:35">
  <properties>
[...]
</properties>
  <testcase classname="test.ParametersTest" name="testAdd_Excel[post, 1, 1, 2]" time="0.0" />
  <testcase classname="test.ParametersTest" name="testAdd_Excel[post, 3, 3, 6]" time="0.0" />
  <testcase classname="test.ParametersTest" name="testAdd_Excel[get, 5, 5, 0]" time="0.0" />
  <system-out><![CDATA[a的值:1,b的值:1,a+b=2
a的值:3,b的值:3,a+b=6
a的值:5,b的值:5,5-5=0
]]></system-out>
  <system-err><![CDATA[]]></system-err>
</testsuite>
